2025-01-07 08:11:49.676+0000 INFO  Logging config in use: Embedded default config 'default-user-logs.xml'
2025-01-07 08:11:49.683+0000 WARN  Setting 'dbms.allow_upgrade' is removed. It no longer has any effect.
2025-01-07 08:11:49.683+0000 WARN  Use of deprecated setting 'dbms.directories.data'. It is replaced by 'server.directories.data'.
2025-01-07 08:11:49.683+0000 WARN  Use of deprecated setting 'dbms.directories.import'. It is replaced by 'server.directories.import'.
2025-01-07 08:11:49.684+0000 WARN  Use of deprecated setting 'dbms.directories.plugins'. It is replaced by 'server.directories.plugins'.
2025-01-07 08:11:49.684+0000 WARN  Use of deprecated setting 'dbms.directories.logs'. It is replaced by 'server.directories.logs'.
2025-01-07 08:11:49.684+0000 WARN  Use of deprecated setting 'dbms.connector.http.enabled'. It is replaced by 'server.http.enabled'.
2025-01-07 08:11:49.685+0000 WARN  Use of deprecated setting 'dbms.connector.http.advertised_address'. It is replaced by 'server.http.advertised_address'.
2025-01-07 08:11:49.685+0000 WARN  Use of deprecated setting 'dbms.connector.bolt.advertised_address'. It is replaced by 'server.bolt.advertised_address'.
2025-01-07 08:11:49.685+0000 WARN  Use of deprecated setting 'dbms.connector.http.listen_address'. It is replaced by 'server.http.listen_address'.
2025-01-07 08:11:49.686+0000 WARN  Use of deprecated setting 'dbms.connector.bolt.listen_address'. It is replaced by 'server.bolt.listen_address'.
2025-01-07 08:11:49.686+0000 WARN  Use of deprecated setting 'dbms.connector.bolt.enabled'. It is replaced by 'server.bolt.enabled'.
2025-01-07 08:11:49.687+0000 WARN  Use of deprecated setting 'dbms.default_database'. It is replaced by 'initial.dbms.default_database'.
2025-01-07 08:11:49.688+0000 WARN  Use of deprecated setting 'dbms.default_listen_address'. It is replaced by 'server.default_listen_address'.
2025-01-07 08:11:49.688+0000 WARN  Use of deprecated setting 'dbms.memory.pagecache.size'. It is replaced by 'server.memory.pagecache.size'.
2025-01-07 08:11:49.689+0000 WARN  Use of deprecated setting 'dbms.memory.heap.max_size'. It is replaced by 'server.memory.heap.max_size'.
2025-01-07 08:11:49.689+0000 WARN  Use of deprecated setting 'dbms.memory.heap.initial_size'. It is replaced by 'server.memory.heap.initial_size'.
2025-01-07 08:11:49.692+0000 INFO  Starting...
2025-01-07 08:11:50.674+0000 INFO  This instance is ServerId{df865c1b} (df865c1b-5df0-4a47-8bc1-884c28d920a1)
2025-01-07 08:11:52.160+0000 INFO  ======== Neo4j 5.19.0 ========
2025-01-07 08:11:54.520+0000 INFO  Bolt enabled on 0.0.0.0:7687.
2025-01-07 08:11:55.374+0000 INFO  HTTP enabled on 0.0.0.0:7474.
2025-01-07 08:11:55.375+0000 INFO  Remote interface available at http://localhost:7474/
2025-01-07 08:11:55.378+0000 INFO  id: 8CFAF8AB3F5DCEF421EDA3ABFC645E1EEDDD55377E3D3DE069062C77B25E19E0
2025-01-07 08:11:55.378+0000 INFO  name: system
2025-01-07 08:11:55.379+0000 INFO  creationDate: 2025-01-07T08:11:53.027Z
2025-01-07 08:11:55.379+0000 INFO  Started.
2025-01-07 08:12:24.567+0000 INFO  Logging config in use: Embedded default config 'default-user-logs.xml'
2025-01-07 08:12:24.575+0000 INFO  Starting...
2025-01-07 08:12:25.506+0000 INFO  This instance is ServerId{df865c1b} (df865c1b-5df0-4a47-8bc1-884c28d920a1)
2025-01-07 08:12:26.515+0000 INFO  ======== Neo4j 5.19.0 ========
2025-01-07 08:12:29.249+0000 INFO  Bolt enabled on 0.0.0.0:7687.
2025-01-07 08:12:30.005+0000 INFO  HTTP enabled on 0.0.0.0:7474.
2025-01-07 08:12:30.007+0000 INFO  Remote interface available at http://localhost:7474/
2025-01-07 08:12:30.011+0000 INFO  id: 8CFAF8AB3F5DCEF421EDA3ABFC645E1EEDDD55377E3D3DE069062C77B25E19E0
2025-01-07 08:12:30.012+0000 INFO  name: system
2025-01-07 08:12:30.013+0000 INFO  creationDate: 2025-01-07T08:11:53.027Z
2025-01-07 08:12:30.014+0000 INFO  Started.
2025-01-07 08:16:01.022+0000 INFO  Logging config in use: Embedded default config 'default-user-logs.xml'
2025-01-07 08:16:01.032+0000 INFO  Starting...
2025-01-07 08:16:02.004+0000 INFO  This instance is ServerId{df865c1b} (df865c1b-5df0-4a47-8bc1-884c28d920a1)
2025-01-07 08:16:03.490+0000 INFO  ======== Neo4j 5.19.0 ========
2025-01-07 08:16:05.254+0000 INFO  Bolt enabled on 0.0.0.0:7687.
2025-01-07 08:16:06.135+0000 INFO  HTTP enabled on 0.0.0.0:7474.
2025-01-07 08:16:06.137+0000 INFO  Remote interface available at http://localhost:7474/
2025-01-07 08:16:06.141+0000 INFO  id: 8CFAF8AB3F5DCEF421EDA3ABFC645E1EEDDD55377E3D3DE069062C77B25E19E0
2025-01-07 08:16:06.141+0000 INFO  name: system
2025-01-07 08:16:06.142+0000 INFO  creationDate: 2025-01-07T08:11:53.027Z
2025-01-07 08:16:06.142+0000 INFO  Started.
2025-01-07 08:16:19.246+0000 INFO  Logging config in use: Embedded default config 'default-user-logs.xml'
2025-01-07 08:16:19.253+0000 INFO  Starting...
2025-01-07 08:16:20.308+0000 INFO  This instance is ServerId{df865c1b} (df865c1b-5df0-4a47-8bc1-884c28d920a1)
2025-01-07 08:16:21.205+0000 INFO  ======== Neo4j 5.19.0 ========
2025-01-07 08:16:23.389+0000 INFO  Bolt enabled on 0.0.0.0:7687.
2025-01-07 08:16:24.048+0000 INFO  HTTP enabled on 0.0.0.0:7474.
2025-01-07 08:16:24.050+0000 INFO  Remote interface available at http://localhost:7474/
2025-01-07 08:16:24.055+0000 INFO  id: 8CFAF8AB3F5DCEF421EDA3ABFC645E1EEDDD55377E3D3DE069062C77B25E19E0
2025-01-07 08:16:24.056+0000 INFO  name: system
2025-01-07 08:16:24.057+0000 INFO  creationDate: 2025-01-07T08:11:53.027Z
2025-01-07 08:16:24.057+0000 INFO  Started.
2025-01-07 08:20:00.114+0000 INFO  Logging config in use: Embedded default config 'default-user-logs.xml'
2025-01-07 08:20:00.123+0000 INFO  Starting...
2025-01-07 08:20:01.054+0000 INFO  This instance is ServerId{df865c1b} (df865c1b-5df0-4a47-8bc1-884c28d920a1)
2025-01-07 08:20:02.397+0000 INFO  ======== Neo4j 5.19.0 ========
2025-01-07 08:20:05.138+0000 INFO  Bolt enabled on 0.0.0.0:7687.
2025-01-07 08:20:06.129+0000 INFO  HTTP enabled on 0.0.0.0:7474.
2025-01-07 08:20:06.130+0000 INFO  Remote interface available at http://localhost:7474/
2025-01-07 08:20:06.133+0000 INFO  id: 8CFAF8AB3F5DCEF421EDA3ABFC645E1EEDDD55377E3D3DE069062C77B25E19E0
2025-01-07 08:20:06.134+0000 INFO  name: system
2025-01-07 08:20:06.134+0000 INFO  creationDate: 2025-01-07T08:11:53.027Z
2025-01-07 08:20:06.135+0000 INFO  Started.
2025-01-07 08:20:23.166+0000 INFO  Logging config in use: Embedded default config 'default-user-logs.xml'
2025-01-07 08:20:23.173+0000 INFO  Starting...
2025-01-07 08:20:24.244+0000 INFO  This instance is ServerId{df865c1b} (df865c1b-5df0-4a47-8bc1-884c28d920a1)
2025-01-07 08:20:25.557+0000 INFO  ======== Neo4j 5.19.0 ========
2025-01-07 08:20:28.401+0000 INFO  Bolt enabled on 0.0.0.0:7687.
2025-01-07 08:20:29.089+0000 INFO  HTTP enabled on 0.0.0.0:7474.
2025-01-07 08:20:29.090+0000 INFO  Remote interface available at http://localhost:7474/
2025-01-07 08:20:29.093+0000 INFO  id: 8CFAF8AB3F5DCEF421EDA3ABFC645E1EEDDD55377E3D3DE069062C77B25E19E0
2025-01-07 08:20:29.093+0000 INFO  name: system
2025-01-07 08:20:29.093+0000 INFO  creationDate: 2025-01-07T08:11:53.027Z
2025-01-07 08:20:29.094+0000 INFO  Started.
2025-01-07 08:21:21.927+0000 INFO  Logging config in use: Embedded default config 'default-user-logs.xml'
2025-01-07 08:21:21.933+0000 INFO  Starting...
2025-01-07 08:21:22.782+0000 INFO  This instance is ServerId{df865c1b} (df865c1b-5df0-4a47-8bc1-884c28d920a1)
2025-01-07 08:21:23.586+0000 INFO  ======== Neo4j 5.19.0 ========
2025-01-07 08:21:25.764+0000 INFO  Bolt enabled on 0.0.0.0:7687.
2025-01-07 08:21:26.619+0000 INFO  HTTP enabled on 0.0.0.0:7474.
2025-01-07 08:21:26.621+0000 INFO  Remote interface available at http://127.0.0.1:7474/
2025-01-07 08:21:26.625+0000 INFO  id: 8CFAF8AB3F5DCEF421EDA3ABFC645E1EEDDD55377E3D3DE069062C77B25E19E0
2025-01-07 08:21:26.626+0000 INFO  name: system
2025-01-07 08:21:26.626+0000 INFO  creationDate: 2025-01-07T08:11:53.027Z
2025-01-07 08:21:26.626+0000 INFO  Started.
